<?xml version="1.0" encoding="UTF-8"?>
<testsuite xmlns:xsi="http://www.w3.org/2001/XMLSchema-instance" xsi:noNamespaceSchemaLocation="https://maven.apache.org/surefire/maven-surefire-plugin/xsd/surefire-test-report-3.0.xsd" version="3.0" name="br.com.g12.usecase.match.UpdateMatchScoreUseCaseTest" time="0.026" tests="1" errors="0" skipped="0" failures="0">
  <properties>
[...]
</properties>
  <testcase name="should_create_match_successfully" classname="br.com.g12.usecase.match.UpdateMatchScoreUseCaseTest" time="0.025"/>
</testsuite>