<?xml version="1.0" encoding="UTF-8"?>
<testsuite xmlns:xsi="http://www.w3.org/2001/XMLSchema-instance" xsi:noNamespaceSchemaLocation="https://maven.apache.org/surefire/maven-surefire-plugin/xsd/surefire-test-report-3.0.xsd" version="3.0" name="br.com.g12.database.mongodb.SimpleMongoTest" time="3.578" tests="1" errors="0" skipped="0" failures="0">
  <properties>
[...]
</properties>
  <testcase name="should_insert_and_read_document" classname="br.com.g12.database.mongodb.SimpleMongoTest" time="0.49">
    <system-out><![CDATA[14:49:35.268 [main] INFO org.testcontainers.images.PullPolicy -- Image pull policy will be performed by: DefaultPullPolicy()
14:49:35.272 [main] INFO org.testcontainers.utility.ImageNameSubstitutor -- Image name substitution will be performed by: DefaultImageNameSubstitutor (composite of 'ConfigurationFileImageNameSubstitutor' and 'PrefixingImageNameSubstitutor')
14:49:35.304 [main] INFO org.testcontainers.DockerClientFactory -- Testcontainers version: 1.20.6
14:49:35.459 [main] INFO org.testcontainers.dockerclient.DockerClientProviderStrategy -- Loaded org.testcontainers.dockerclient.NpipeSocketClientProviderStrategy from ~/.testcontainers.properties, will try it first
14:49:35.711 [main] INFO org.testcontainers.dockerclient.DockerClientProviderStrategy -- Found Docker environment with local Npipe socket (npipe:////./pipe/docker_engine)
14:49:35.712 [main] INFO org.testcontainers.DockerClientFactory -- Docker host IP address is localhost
14:49:35.729 [main] INFO org.testcontainers.DockerClientFactory -- Connected to docker: 
  Server Version: 23.0.5
  API Version: 1.42
  Operating System: Docker Desktop
  Total Memory: 1983 MB
14:49:35.738 [main] INFO org.testcontainers.DockerClientFactory -- Checking the system...
14:49:35.739 [main] INFO org.testcontainers.DockerClientFactory -- ✔︎ Docker server version should be at least 1.6.0
14:49:35.775 [main] INFO tc.mongo:6.0 -- Creating container for image: mongo:6.0
14:49:35.903 [main] INFO tc.testcontainers/ryuk:0.11.0 -- Creating container for image: testcontainers/ryuk:0.11.0
14:49:36.014 [main] INFO tc.testcontainers/ryuk:0.11.0 -- Container testcontainers/ryuk:0.11.0 is starting: 0a5779af82e4aeccfe9a8bf112d6d7253768a4dfc9c51dce19e1e10f18c3d80a
14:49:36.538 [main] INFO tc.testcontainers/ryuk:0.11.0 -- Container testcontainers/ryuk:0.11.0 started in PT0.6343245S
14:49:36.586 [main] INFO tc.mongo:6.0 -- Container mongo:6.0 is starting: ba0c85eae35638d90413060dd53bb9b5cd34c31f8e034bf8c01db74b820542cc
14:49:37.196 [main] INFO tc.mongo:6.0 -- Container mongo:6.0 started in PT1.4207342S
14:49:38.224 [main] INFO org.mongodb.driver.client -- MongoClient with metadata {"driver": {"name": "mongo-java-driver|sync", "version": "5.4.0"}, "os": {"type": "Windows", "name": "Windows 10", "architecture": "amd64", "version": "10.0"}, "platform": "Java/Oracle Corporation/21.0.2+13-LTS-58"} created with settings MongoClientSettings{readPreference=primary, writeConcern=WriteConcern{w=null, wTimeout=null ms, journal=null}, retryWrites=true, retryReads=true, readConcern=ReadConcern{level=null}, credential=null, transportSettings=null, commandListeners=[], codecRegistry=ProvidersCodecRegistry{codecProviders=[ValueCodecProvider{}, BsonValueCodecProvider{}, DBRefCodecProvider{}, DBObjectCodecProvider{}, DocumentCodecProvider{}, CollectionCodecProvider{}, IterableCodecProvider{}, MapCodecProvider{}, GeoJsonCodecProvider{}, GridFSFileCodecProvider{}, Jsr310CodecProvider{}, JsonObjectCodecProvider{}, BsonCodecProvider{}, EnumCodecProvider{}, com.mongodb.client.model.mql.ExpressionCodecProvider@8bffb8b, com.mongodb.Jep395RecordCodecProvider@21422231, com.mongodb.KotlinCodecProvider@10ee04df]}, loggerSettings=LoggerSettings{maxDocumentLength=1000}, clusterSettings={hosts=[localhost:55631], srvServiceName=mongodb, mode=SINGLE, requiredClusterType=UNKNOWN, requiredReplicaSetName='null', serverSelector='null', clusterListeners='[]', serverSelectionTimeout='30000 ms', localThreshold='15 ms'}, socketSettings=SocketSettings{connectTimeoutMS=10000, readTimeoutMS=0, receiveBufferSize=0, proxySettings=ProxySettings{host=null, port=null, username=null, password=null}}, heartbeatSocketSettings=SocketSettings{connectTimeoutMS=10000, readTimeoutMS=10000, receiveBufferSize=0, proxySettings=ProxySettings{host=null, port=null, username=null, password=null}}, connectionPoolSettings=ConnectionPoolSettings{maxSize=100, minSize=0, maxWaitTimeMS=120000, maxConnectionLifeTimeMS=0, maxConnectionIdleTimeMS=0, maintenanceInitialDelayMS=0, maintenanceFrequencyMS=60000, connectionPoolListeners=[], maxConnecting=2}, serverSettings=ServerSettings{heartbeatFrequencyMS=10000, minHeartbeatFrequencyMS=500, serverMonitoringMode=AUTO, serverListeners='[]', serverMonitorListeners='[]'}, sslSettings=SslSettings{enabled=false, invalidHostNameAllowed=false, context=null}, applicationName='null', compressorList=[], uuidRepresentation=UNSPECIFIED, serverApi=null, autoEncryptionSettings=null, dnsClient=null, inetAddressResolver=null, contextProvider=null, timeoutMS=null}
14:49:38.239 [cluster-ClusterId{value='68432a3223b829fa0088cc8f', description='null'}-localhost:55631] INFO org.mongodb.driver.cluster -- Monitor thread successfully connected to server with description ServerDescription{address=localhost:55631, type=REPLICA_SET_PRIMARY, cryptd=false, state=CONNECTED, ok=true, minWireVersion=0, maxWireVersion=17, maxDocumentSize=16777216, logicalSessionTimeoutMinutes=30, roundTripTimeNanos=22116200, minRoundTripTimeNanos=0, setName='docker-rs', canonicalAddress=ba0c85eae356:27017, hosts=[ba0c85eae356:27017], passives=[], arbiters=[], primary='ba0c85eae356:27017', tagSet=TagSet{[]}, electionId=7fffffff0000000000000001, setVersion=1, topologyVersion=TopologyVersion{processId=68432a310e3c21fd59eb5f04, counter=6}, lastWriteDate=Fri Jun 06 14:49:37 BRT 2025, lastUpdateTimeNanos=241881496932900}
14:49:38.364 [main] WARN org.springframework.data.convert.CustomConversions -- Registering converter from interface java.util.List to interface org.springframework.data.domain.Vector as reading converter although it doesn't convert from a store-supported type; You might want to check your annotation setup at the converter implementation
14:49:38.406 [main] WARN org.springframework.data.convert.CustomConversions -- Registering converter from interface java.util.List to interface org.springframework.data.domain.Vector as reading converter although it doesn't convert from a store-supported type; You might want to check your annotation setup at the converter implementation
]]></system-out>
  </testcase>
</testsuite>